<?xml version="1.0" encoding="UTF-8"?>
<testsuite name="com.asiana.lawgic.lawgic.ClientRepositoryTest" tests="1" skipped="0" failures="0" errors="0" timestamp="2022-02-23T04:43:34" hostname="DONGEUN6C0A" time="0.351">
  <properties/>
  <testcase name="getClientByEmailTest()" classname="com.asiana.lawgic.lawgic.ClientRepositoryTest" time="0.351"/>
  <system-out><![CDATA[13:43:26.000 [Test worker] DEBUG org.springframework.test.context.BootstrapUtils - Instantiating CacheAwareContextLoaderDelegate from class [org.springframework.test.context.cache.DefaultCacheAwareContextLoaderDelegate]
13:43:26.015 [Test worker] DEBUG org.springframework.test.context.BootstrapUtils - Instantiating BootstrapContext using constructor [public org.springframework.test.context.support.DefaultBootstrapContext(java.lang.Class,org.springframework.test.context.CacheAwareContextLoaderDelegate)]
13:43:26.065 [Test worker] DEBUG org.springframework.test.context.BootstrapUtils - Instantiating TestContextBootstrapper for test class [com.asiana.lawgic.lawgic.ClientRepositoryTest] from class [org.springframework.boot.test.context.SpringBootTestContextBootstrapper]
13:43:26.081 [Test worker] INFO org.springframework.boot.test.context.SpringBootTestContextBootstrapper - Neither @ContextConfiguration nor @ContextHierarchy found for test class [com.asiana.lawgic.lawgic.ClientRepositoryTest], using SpringBootContextLoader
13:43:26.089 [Test worker] DEBUG org.springframework.test.context.support.AbstractContextLoader - Did not detect default resource location for test class [com.asiana.lawgic.lawgic.ClientRepositoryTest]: class path resource [com/asiana/lawgic/lawgic/ClientRepositoryTest-context.xml] does not exist
13:43:26.090 [Test worker] DEBUG org.springframework.test.context.support.AbstractContextLoader - Did not detect default resource location for test class [com.asiana.lawgic.lawgic.ClientRepositoryTest]: class path resource [com/asiana/lawgic/lawgic/ClientRepositoryTestContext.groovy] does not exist
13:43:26.090 [Test worker] INFO org.springframework.test.context.support.AbstractContextLoader - Could not detect default resource locations for test class [com.asiana.lawgic.lawgic.ClientRepositoryTest]: no resource found for suffixes {-context.xml, Context.groovy}.
13:43:26.091 [Test worker] INFO org.springframework.test.context.support.AnnotationConfigContextLoaderUtils - Could not detect default configuration classes for test class [com.asiana.lawgic.lawgic.ClientRepositoryTest]: ClientRepositoryTest does not declare any static, non-private, non-final, nested classes annotated with @Configuration.
13:43:26.156 [Test worker] DEBUG org.springframework.test.context.support.ActiveProfilesUtils - Could not find an 'annotation declaring class' for annotation type [org.springframework.test.context.ActiveProfiles] and class [com.asiana.lawgic.lawgic.ClientRepositoryTest]
13:43:26.247 [Test worker] DEBUG org.springframework.context.annotation.ClassPathScanningCandidateComponentProvider - Identified candidate component class: file [C:\Lawgic\build\classes\java\main\com\asiana\lawgic\lawgic\LawgicApplication.class]
13:43:26.248 [Test worker] INFO org.springframework.boot.test.context.SpringBootTestContextBootstrapper - Found @SpringBootConfiguration com.asiana.lawgic.lawgic.LawgicApplication for test class com.asiana.lawgic.lawgic.ClientRepositoryTest
13:43:26.433 [Test worker] DEBUG org.springframework.boot.test.context.SpringBootTestContextBootstrapper - @TestExecutionListeners is not present for class [com.asiana.lawgic.lawgic.ClientRepositoryTest]: using defaults.
13:43:26.434 [Test worker] INFO org.springframework.boot.test.context.SpringBootTestContextBootstrapper - Loaded default TestExecutionListener class names from location [META-INF/spring.factories]: [org.springframework.boot.test.autoconfigure.restdocs.RestDocsTestExecutionListener, org.springframework.boot.test.autoconfigure.web.client.MockRestServiceServerResetTestExecutionListener, org.springframework.boot.test.autoconfigure.web.servlet.MockMvcPrintOnlyOnFailureTestExecutionListener, org.springframework.boot.test.autoconfigure.web.servlet.WebDriverTestExecutionListener, org.springframework.boot.test.autoconfigure.webservices.client.MockWebServiceServerTestExecutionListener, org.springframework.boot.test.mock.mockito.MockitoTestExecutionListener, org.springframework.boot.test.mock.mockito.ResetMocksTestExecutionListener, org.springframework.test.context.web.ServletTestExecutionListener, org.springframework.test.context.support.DirtiesContextBeforeModesTestExecutionListener, org.springframework.test.context.event.ApplicationEventsTestExecutionListener, org.springframework.test.context.support.DependencyInjectionTestExecutionListener, org.springframework.test.context.support.DirtiesContextTestExecutionListener, org.springframework.test.context.transaction.TransactionalTestExecutionListener, org.springframework.test.context.jdbc.SqlScriptsTestExecutionListener, org.springframework.test.context.event.EventPublishingTestExecutionListener]
13:43:26.456 [Test worker] INFO org.springframework.boot.test.context.SpringBootTestContextBootstrapper - Using TestExecutionListeners: [org.springframework.test.context.web.ServletTestExecutionListener@1804f60d, org.springframework.test.context.support.DirtiesContextBeforeModesTestExecutionListener@3a80515c, org.springframework.test.context.event.ApplicationEventsTestExecutionListener@547e29a4, org.springframework.boot.test.mock.mockito.MockitoTestExecutionListener@1c807b1d, org.springframework.boot.test.autoconfigure.SpringBootDependencyInjectionTestExecutionListener@238b521e, org.springframework.test.context.support.DirtiesContextTestExecutionListener@1b39fd82, org.springframework.test.context.transaction.TransactionalTestExecutionListener@3e2fc448, org.springframework.test.context.jdbc.SqlScriptsTestExecutionListener@21680803, org.springframework.test.context.event.EventPublishingTestExecutionListener@588ab592, org.springframework.boot.test.autoconfigure.restdocs.RestDocsTestExecutionListener@c8b96ec, org.springframework.boot.test.autoconfigure.web.client.MockRestServiceServerResetTestExecutionListener@4cc61eb1, org.springframework.boot.test.autoconfigure.web.servlet.MockMvcPrintOnlyOnFailureTestExecutionListener@2d8f2f3a, org.springframework.boot.test.autoconfigure.web.servlet.WebDriverTestExecutionListener@2024293c, org.springframework.boot.test.autoconfigure.webservices.client.MockWebServiceServerTestExecutionListener@7048f722, org.springframework.boot.test.mock.mockito.ResetMocksTestExecutionListener@c074c0c]
13:43:26.460 [Test worker] DEBUG org.springframework.test.context.support.AbstractDirtiesContextTestExecutionListener - Before test class: context [DefaultTestContext@3c8bdd5b testClass = ClientRepositoryTest, testInstance = [null], testMethod = [null], testException = [null], mergedContextConfiguration = [WebMergedContextConfiguration@29d2d081 testClass = ClientRepositoryTest, locations = '{}', classes = '{class com.asiana.lawgic.lawgic.LawgicApplication}', contextInitializerClasses = '[]', activeProfiles = '{}', propertySourceLocations = '{}', propertySourceProperties = '{org.springframework.boot.test.context.SpringBootTestContextBootstrapper=true}', contextCustomizers = set[org.springframework.boot.test.autoconfigure.actuate.metrics.MetricsExportContextCustomizerFactory$DisableMetricExportContextCustomizer@60641ec8, org.springframework.boot.test.autoconfigure.properties.PropertyMappingContextCustomizer@0, org.springframework.boot.test.autoconfigure.web.servlet.WebDriverContextCustomizerFactory$Customizer@f667fe, org.springframework.boot.test.context.filter.ExcludeFilterContextCustomizer@10c626be, org.springframework.boot.test.json.DuplicateJsonObjectContextCustomizerFactory$DuplicateJsonObjectContextCustomizer@63b1d4fa, org.springframework.boot.test.mock.mockito.MockitoContextCustomizer@0, org.springframework.boot.test.web.client.TestRestTemplateContextCustomizer@24b6b8f6, org.springframework.boot.test.context.SpringBootTestArgs@1, org.springframework.boot.test.context.SpringBootTestWebEnvironment@51bf5add], resourceBasePath = 'src/main/webapp', contextLoader = 'org.springframework.boot.test.context.SpringBootContextLoader', parent = [null]], attributes = map['org.springframework.test.context.web.ServletTestExecutionListener.activateListener' -> true]], class annotated with @DirtiesContext [false] with mode [null].

  .   ____          _            __ _ _
 /\\ / ___'_ __ _ _(_)_ __  __ _ \ \ \ \
( ( )\___ | '_ | '_| | '_ \/ _` | \ \ \ \
 \\/  ___)| |_)| | | | | || (_| |  ) ) ) )
  '  |____| .__|_| |_|_| |_\__, | / / / /
 =========|_|==============|___/=/_/_/_/
 :: Spring Boot ::                (v2.6.3)

2022-02-23 13:43:26.988  INFO 6484 --- [    Test worker] c.a.lawgic.lawgic.ClientRepositoryTest   : Starting ClientRepositoryTest using Java 11.0.14.1 on DONGEUN6C0A with PID 6484 (started by dongeun in C:\Lawgic)
2022-02-23 13:43:26.990  INFO 6484 --- [    Test worker] c.a.lawgic.lawgic.ClientRepositoryTest   : No active profile set, falling back to default profiles: default
2022-02-23 13:43:28.155  INFO 6484 --- [    Test worker] .s.d.r.c.RepositoryConfigurationDelegate : Bootstrapping Spring Data JPA repositories in DEFAULT mode.
2022-02-23 13:43:28.281  INFO 6484 --- [    Test worker] .s.d.r.c.RepositoryConfigurationDelegate : Finished Spring Data repository scanning in 114 ms. Found 4 JPA repository interfaces.
2022-02-23 13:43:29.179  INFO 6484 --- [    Test worker] com.zaxxer.hikari.HikariDataSource       : HikariPool-1 - Starting...
2022-02-23 13:43:29.193  WARN 6484 --- [    Test worker] com.zaxxer.hikari.util.DriverDataSource  : Registered driver with driverClassName=oracle.jdbc.driver.OracleDriver was not found, trying direct instantiation.
2022-02-23 13:43:29.566  INFO 6484 --- [    Test worker] com.zaxxer.hikari.HikariDataSource       : HikariPool-1 - Start completed.
2022-02-23 13:43:29.965  INFO 6484 --- [    Test worker] o.hibernate.jpa.internal.util.LogHelper  : HHH000204: Processing PersistenceUnitInfo [name: default]
2022-02-23 13:43:30.052  INFO 6484 --- [    Test worker] org.hibernate.Version                    : HHH000412: Hibernate ORM core version 5.6.4.Final
2022-02-23 13:43:30.351  INFO 6484 --- [    Test worker] o.hibernate.annotations.common.Version   : HCANN000001: Hibernate Commons Annotations {5.1.2.Final}
2022-02-23 13:43:30.577  INFO 6484 --- [    Test worker] org.hibernate.dialect.Dialect            : HHH000400: Using dialect: org.hibernate.dialect.Oracle10gDialect
2022-02-23 13:43:31.884  INFO 6484 --- [    Test worker] o.h.e.t.j.p.i.JtaPlatformInitiator       : HHH000490: Using JtaPlatform implementation: [org.hibernate.engine.transaction.jta.platform.internal.NoJtaPlatform]
2022-02-23 13:43:31.897  INFO 6484 --- [    Test worker] j.LocalContainerEntityManagerFactoryBean : Initialized JPA EntityManagerFactory for persistence unit 'default'
confiureMessageBroker 연동!!**
end point 연결!!!***
2022-02-23 13:43:33.074  WARN 6484 --- [    Test worker] JpaBaseConfiguration$JpaWebConfiguration : spring.jpa.open-in-view is enabled by default. Therefore, database queries may be performed during view rendering. Explicitly configure spring.jpa.open-in-view to disable this warning
2022-02-23 13:43:34.608  INFO 6484 --- [    Test worker] o.s.m.s.b.SimpleBrokerMessageHandler     : Starting...
2022-02-23 13:43:34.608  INFO 6484 --- [    Test worker] o.s.m.s.b.SimpleBrokerMessageHandler     : BrokerAvailabilityEvent[available=true, SimpleBrokerMessageHandler [org.springframework.messaging.simp.broker.DefaultSubscriptionRegistry@74eae1e0]]
2022-02-23 13:43:34.611  INFO 6484 --- [    Test worker] o.s.m.s.b.SimpleBrokerMessageHandler     : Started.
2022-02-23 13:43:34.630  INFO 6484 --- [    Test worker] c.a.lawgic.lawgic.ClientRepositoryTest   : Started ClientRepositoryTest in 8.117 seconds (JVM running for 9.826)
Hibernate: 
    select
        client0_.client_id as client_id1_1_,
        client0_.address as address2_1_,
        client0_.birthday as birthday3_1_,
        client0_.car_type as car_type4_1_,
        client0_.email as email5_1_,
        client0_.gender as gender6_1_,
        client0_.name as name7_1_,
        client0_.password as password8_1_,
        client0_.phone as phone9_1_ 
    from
        client client0_ 
    where
        client0_.email=?
Optional[Client(clientId=1, password=sddfjj@, name=유영균, birthday=1995-03-16, email=young@naver.com, address=경기도 시흥시, phone=01033426442, carType=CITY_CAR, gender=0)]
]]></system-out>
  <system-err><![CDATA[]]></system-err>
</testsuite>
