<?xml version="1.0" encoding="UTF-8"?>
<testsuite name="com.asiana.lawgic.lawgic.LawgicApplicationTests" tests="1" skipped="0" failures="0" errors="0" timestamp="2022-02-25T00:16:41" hostname="DONGEUN6C0A" time="0.265">
  <properties/>
  <testcase name="contextLoads()" classname="com.asiana.lawgic.lawgic.LawgicApplicationTests" time="0.265"/>
  <system-out><![CDATA[09:16:29.865 [Test worker] DEBUG org.springframework.test.context.BootstrapUtils - Instantiating CacheAwareContextLoaderDelegate from class [org.springframework.test.context.cache.DefaultCacheAwareContextLoaderDelegate]
09:16:29.912 [Test worker] DEBUG org.springframework.test.context.BootstrapUtils - Instantiating BootstrapContext using constructor [public org.springframework.test.context.support.DefaultBootstrapContext(java.lang.Class,org.springframework.test.context.CacheAwareContextLoaderDelegate)]
09:16:29.974 [Test worker] DEBUG org.springframework.test.context.BootstrapUtils - Instantiating TestContextBootstrapper for test class [com.asiana.lawgic.lawgic.LawgicApplicationTests] from class [org.springframework.boot.test.context.SpringBootTestContextBootstrapper]
09:16:30.006 [Test worker] INFO org.springframework.boot.test.context.SpringBootTestContextBootstrapper - Neither @ContextConfiguration nor @ContextHierarchy found for test class [com.asiana.lawgic.lawgic.LawgicApplicationTests], using SpringBootContextLoader
09:16:30.021 [Test worker] DEBUG org.springframework.test.context.support.AbstractContextLoader - Did not detect default resource location for test class [com.asiana.lawgic.lawgic.LawgicApplicationTests]: class path resource [com/asiana/lawgic/lawgic/LawgicApplicationTests-context.xml] does not exist
09:16:30.021 [Test worker] DEBUG org.springframework.test.context.support.AbstractContextLoader - Did not detect default resource location for test class [com.asiana.lawgic.lawgic.LawgicApplicationTests]: class path resource [com/asiana/lawgic/lawgic/LawgicApplicationTestsContext.groovy] does not exist
09:16:30.021 [Test worker] INFO org.springframework.test.context.support.AbstractContextLoader - Could not detect default resource locations for test class [com.asiana.lawgic.lawgic.LawgicApplicationTests]: no resource found for suffixes {-context.xml, Context.groovy}.
09:16:30.021 [Test worker] INFO org.springframework.test.context.support.AnnotationConfigContextLoaderUtils - Could not detect default configuration classes for test class [com.asiana.lawgic.lawgic.LawgicApplicationTests]: LawgicApplicationTests does not declare any static, non-private, non-final, nested classes annotated with @Configuration.
09:16:30.115 [Test worker] DEBUG org.springframework.test.context.support.ActiveProfilesUtils - Could not find an 'annotation declaring class' for annotation type [org.springframework.test.context.ActiveProfiles] and class [com.asiana.lawgic.lawgic.LawgicApplicationTests]
09:16:30.240 [Test worker] DEBUG org.springframework.context.annotation.ClassPathScanningCandidateComponentProvider - Identified candidate component class: file [C:\Lawgic\build\classes\java\main\com\asiana\lawgic\lawgic\LawgicApplication.class]
09:16:30.255 [Test worker] INFO org.springframework.boot.test.context.SpringBootTestContextBootstrapper - Found @SpringBootConfiguration com.asiana.lawgic.lawgic.LawgicApplication for test class com.asiana.lawgic.lawgic.LawgicApplicationTests
09:16:30.490 [Test worker] DEBUG org.springframework.boot.test.context.SpringBootTestContextBootstrapper - @TestExecutionListeners is not present for class [com.asiana.lawgic.lawgic.LawgicApplicationTests]: using defaults.
09:16:30.490 [Test worker] INFO org.springframework.boot.test.context.SpringBootTestContextBootstrapper - Loaded default TestExecutionListener class names from location [META-INF/spring.factories]: [org.springframework.boot.test.autoconfigure.restdocs.RestDocsTestExecutionListener, org.springframework.boot.test.autoconfigure.web.client.MockRestServiceServerResetTestExecutionListener, org.springframework.boot.test.autoconfigure.web.servlet.MockMvcPrintOnlyOnFailureTestExecutionListener, org.springframework.boot.test.autoconfigure.web.servlet.WebDriverTestExecutionListener, org.springframework.boot.test.autoconfigure.webservices.client.MockWebServiceServerTestExecutionListener, org.springframework.boot.test.mock.mockito.MockitoTestExecutionListener, org.springframework.boot.test.mock.mockito.ResetMocksTestExecutionListener, org.springframework.test.context.web.ServletTestExecutionListener, org.springframework.test.context.support.DirtiesContextBeforeModesTestExecutionListener, org.springframework.test.context.event.ApplicationEventsTestExecutionListener, org.springframework.test.context.support.DependencyInjectionTestExecutionListener, org.springframework.test.context.support.DirtiesContextTestExecutionListener, org.springframework.test.context.transaction.TransactionalTestExecutionListener, org.springframework.test.context.jdbc.SqlScriptsTestExecutionListener, org.springframework.test.context.event.EventPublishingTestExecutionListener]
09:16:30.521 [Test worker] INFO org.springframework.boot.test.context.SpringBootTestContextBootstrapper - Using TestExecutionListeners: [org.springframework.test.context.web.ServletTestExecutionListener@1d572e62, org.springframework.test.context.support.DirtiesContextBeforeModesTestExecutionListener@29caf222, org.springframework.test.context.event.ApplicationEventsTestExecutionListener@46cf05f7, org.springframework.boot.test.mock.mockito.MockitoTestExecutionListener@5851bd4f, org.springframework.boot.test.autoconfigure.SpringBootDependencyInjectionTestExecutionListener@7cd1ac19, org.springframework.test.context.support.DirtiesContextTestExecutionListener@2f40a43, org.springframework.test.context.transaction.TransactionalTestExecutionListener@3caa4757, org.springframework.test.context.jdbc.SqlScriptsTestExecutionListener@69c43e48, org.springframework.test.context.event.EventPublishingTestExecutionListener@1804f60d, org.springframework.boot.test.autoconfigure.restdocs.RestDocsTestExecutionListener@3a80515c, org.springframework.boot.test.autoconfigure.web.client.MockRestServiceServerResetTestExecutionListener@547e29a4, org.springframework.boot.test.autoconfigure.web.servlet.MockMvcPrintOnlyOnFailureTestExecutionListener@1c807b1d, org.springframework.boot.test.autoconfigure.web.servlet.WebDriverTestExecutionListener@238b521e, org.springframework.boot.test.autoconfigure.webservices.client.MockWebServiceServerTestExecutionListener@1b39fd82, org.springframework.boot.test.mock.mockito.ResetMocksTestExecutionListener@3e2fc448]
09:16:30.537 [Test worker] DEBUG org.springframework.test.context.support.AbstractDirtiesContextTestExecutionListener - Before test class: context [DefaultTestContext@4d157787 testClass = LawgicApplicationTests, testInstance = [null], testMethod = [null], testException = [null], mergedContextConfiguration = [WebMergedContextConfiguration@68ed96ca testClass = LawgicApplicationTests, locations = '{}', classes = '{class com.asiana.lawgic.lawgic.LawgicApplication}', contextInitializerClasses = '[]', activeProfiles = '{}', propertySourceLocations = '{}', propertySourceProperties = '{org.springframework.boot.test.context.SpringBootTestContextBootstrapper=true}', contextCustomizers = set[org.springframework.boot.test.autoconfigure.actuate.metrics.MetricsExportContextCustomizerFactory$DisableMetricExportContextCustomizer@1bb564e2, org.springframework.boot.test.autoconfigure.properties.PropertyMappingContextCustomizer@0, org.springframework.boot.test.autoconfigure.web.servlet.WebDriverContextCustomizerFactory$Customizer@5c8eee0f, org.springframework.boot.test.context.filter.ExcludeFilterContextCustomizer@56a4479a, org.springframework.boot.test.json.DuplicateJsonObjectContextCustomizerFactory$DuplicateJsonObjectContextCustomizer@62f4ff3b, org.springframework.boot.test.mock.mockito.MockitoContextCustomizer@0, org.springframework.boot.test.web.client.TestRestTemplateContextCustomizer@67ab1c47, org.springframework.boot.test.context.SpringBootTestArgs@1, org.springframework.boot.test.context.SpringBootTestWebEnvironment@7905a0b8], resourceBasePath = 'src/main/webapp', contextLoader = 'org.springframework.boot.test.context.SpringBootContextLoader', parent = [null]], attributes = map['org.springframework.test.context.web.ServletTestExecutionListener.activateListener' -> true]], class annotated with @DirtiesContext [false] with mode [null].

  .   ____          _            __ _ _
 /\\ / ___'_ __ _ _(_)_ __  __ _ \ \ \ \
( ( )\___ | '_ | '_| | '_ \/ _` | \ \ \ \
 \\/  ___)| |_)| | | | | || (_| |  ) ) ) )
  '  |____| .__|_| |_|_| |_\__, | / / / /
 =========|_|==============|___/=/_/_/_/
 :: Spring Boot ::                (v2.6.3)

2022-02-25 09:16:31.302  INFO 13656 --- [    Test worker] c.a.l.lawgic.LawgicApplicationTests      : Starting LawgicApplicationTests using Java 11.0.14.1 on DONGEUN6C0A with PID 13656 (started by dongeun in C:\Lawgic)
2022-02-25 09:16:31.302  INFO 13656 --- [    Test worker] c.a.l.lawgic.LawgicApplicationTests      : No active profile set, falling back to default profiles: default
2022-02-25 09:16:32.802  INFO 13656 --- [    Test worker] .s.d.r.c.RepositoryConfigurationDelegate : Bootstrapping Spring Data JPA repositories in DEFAULT mode.
2022-02-25 09:16:32.959  INFO 13656 --- [    Test worker] .s.d.r.c.RepositoryConfigurationDelegate : Finished Spring Data repository scanning in 135 ms. Found 4 JPA repository interfaces.
2022-02-25 09:16:33.990  INFO 13656 --- [    Test worker] com.zaxxer.hikari.HikariDataSource       : HikariPool-1 - Starting...
2022-02-25 09:16:34.021  WARN 13656 --- [    Test worker] com.zaxxer.hikari.util.DriverDataSource  : Registered driver with driverClassName=oracle.jdbc.driver.OracleDriver was not found, trying direct instantiation.
2022-02-25 09:16:34.662  INFO 13656 --- [    Test worker] com.zaxxer.hikari.HikariDataSource       : HikariPool-1 - Start completed.
2022-02-25 09:16:35.115  INFO 13656 --- [    Test worker] o.hibernate.jpa.internal.util.LogHelper  : HHH000204: Processing PersistenceUnitInfo [name: default]
2022-02-25 09:16:35.318  INFO 13656 --- [    Test worker] org.hibernate.Version                    : HHH000412: Hibernate ORM core version 5.6.4.Final
2022-02-25 09:16:35.849  INFO 13656 --- [    Test worker] o.hibernate.annotations.common.Version   : HCANN000001: Hibernate Commons Annotations {5.1.2.Final}
2022-02-25 09:16:36.131  INFO 13656 --- [    Test worker] org.hibernate.dialect.Dialect            : HHH000400: Using dialect: org.hibernate.dialect.Oracle10gDialect
Hibernate: 
    
    alter table message 
       add reg_date timestamp
2022-02-25 09:16:37.724  INFO 13656 --- [    Test worker] o.h.e.t.j.p.i.JtaPlatformInitiator       : HHH000490: Using JtaPlatform implementation: [org.hibernate.engine.transaction.jta.platform.internal.NoJtaPlatform]
2022-02-25 09:16:37.740  INFO 13656 --- [    Test worker] j.LocalContainerEntityManagerFactoryBean : Initialized JPA EntityManagerFactory for persistence unit 'default'
confiureMessageBroker 연동!!**
end point 연결!!!***
2022-02-25 09:16:39.630  WARN 13656 --- [    Test worker] JpaBaseConfiguration$JpaWebConfiguration : spring.jpa.open-in-view is enabled by default. Therefore, database queries may be performed during view rendering. Explicitly configure spring.jpa.open-in-view to disable this warning
2022-02-25 09:16:41.412  INFO 13656 --- [    Test worker] o.s.m.s.b.SimpleBrokerMessageHandler     : Starting...
2022-02-25 09:16:41.412  INFO 13656 --- [    Test worker] o.s.m.s.b.SimpleBrokerMessageHandler     : BrokerAvailabilityEvent[available=true, SimpleBrokerMessageHandler [org.springframework.messaging.simp.broker.DefaultSubscriptionRegistry@2cca7d3c]]
2022-02-25 09:16:41.412  INFO 13656 --- [    Test worker] o.s.m.s.b.SimpleBrokerMessageHandler     : Started.
2022-02-25 09:16:41.427  INFO 13656 --- [    Test worker] c.a.l.lawgic.LawgicApplicationTests      : Started LawgicApplicationTests in 10.816 seconds (JVM running for 13.355)
]]></system-out>
  <system-err><![CDATA[]]></system-err>
</testsuite>
