<?xml version="1.0" encoding="UTF-8"?>
<testsuite name="com.asiana.lawgic.lawgic.ClientRepositoryTest" tests="1" skipped="0" failures="0" errors="0" timestamp="2022-02-27T07:27:25" hostname="DESKTOP-DH5MQM9" time="0.238">
  <properties/>
  <testcase name="getAllClientsTest()" classname="com.asiana.lawgic.lawgic.ClientRepositoryTest" time="0.238"/>
  <system-out><![CDATA[16:27:17.207 [Test worker] DEBUG org.springframework.test.context.BootstrapUtils - Instantiating CacheAwareContextLoaderDelegate from class [org.springframework.test.context.cache.DefaultCacheAwareContextLoaderDelegate]
16:27:17.225 [Test worker] DEBUG org.springframework.test.context.BootstrapUtils - Instantiating BootstrapContext using constructor [public org.springframework.test.context.support.DefaultBootstrapContext(java.lang.Class,org.springframework.test.context.CacheAwareContextLoaderDelegate)]
16:27:17.275 [Test worker] DEBUG org.springframework.test.context.BootstrapUtils - Instantiating TestContextBootstrapper for test class [com.asiana.lawgic.lawgic.ClientRepositoryTest] from class [org.springframework.boot.test.context.SpringBootTestContextBootstrapper]
16:27:17.292 [Test worker] INFO org.springframework.boot.test.context.SpringBootTestContextBootstrapper - Neither @ContextConfiguration nor @ContextHierarchy found for test class [com.asiana.lawgic.lawgic.ClientRepositoryTest], using SpringBootContextLoader
16:27:17.299 [Test worker] DEBUG org.springframework.test.context.support.AbstractContextLoader - Did not detect default resource location for test class [com.asiana.lawgic.lawgic.ClientRepositoryTest]: class path resource [com/asiana/lawgic/lawgic/ClientRepositoryTest-context.xml] does not exist
16:27:17.300 [Test worker] DEBUG org.springframework.test.context.support.AbstractContextLoader - Did not detect default resource location for test class [com.asiana.lawgic.lawgic.ClientRepositoryTest]: class path resource [com/asiana/lawgic/lawgic/ClientRepositoryTestContext.groovy] does not exist
16:27:17.301 [Test worker] INFO org.springframework.test.context.support.AbstractContextLoader - Could not detect default resource locations for test class [com.asiana.lawgic.lawgic.ClientRepositoryTest]: no resource found for suffixes {-context.xml, Context.groovy}.
16:27:17.303 [Test worker] INFO org.springframework.test.context.support.AnnotationConfigContextLoaderUtils - Could not detect default configuration classes for test class [com.asiana.lawgic.lawgic.ClientRepositoryTest]: ClientRepositoryTest does not declare any static, non-private, non-final, nested classes annotated with @Configuration.
16:27:17.372 [Test worker] DEBUG org.springframework.test.context.support.ActiveProfilesUtils - Could not find an 'annotation declaring class' for annotation type [org.springframework.test.context.ActiveProfiles] and class [com.asiana.lawgic.lawgic.ClientRepositoryTest]
16:27:17.478 [Test worker] DEBUG org.springframework.context.annotation.ClassPathScanningCandidateComponentProvider - Identified candidate component class: file [C:\Users\young\lawgic\build\classes\java\main\com\asiana\lawgic\lawgic\LawgicApplication.class]
16:27:17.480 [Test worker] INFO org.springframework.boot.test.context.SpringBootTestContextBootstrapper - Found @SpringBootConfiguration com.asiana.lawgic.lawgic.LawgicApplication for test class com.asiana.lawgic.lawgic.ClientRepositoryTest
16:27:17.645 [Test worker] DEBUG org.springframework.boot.test.context.SpringBootTestContextBootstrapper - @TestExecutionListeners is not present for class [com.asiana.lawgic.lawgic.ClientRepositoryTest]: using defaults.
16:27:17.646 [Test worker] INFO org.springframework.boot.test.context.SpringBootTestContextBootstrapper - Loaded default TestExecutionListener class names from location [META-INF/spring.factories]: [org.springframework.boot.test.autoconfigure.restdocs.RestDocsTestExecutionListener, org.springframework.boot.test.autoconfigure.web.client.MockRestServiceServerResetTestExecutionListener, org.springframework.boot.test.autoconfigure.web.servlet.MockMvcPrintOnlyOnFailureTestExecutionListener, org.springframework.boot.test.autoconfigure.web.servlet.WebDriverTestExecutionListener, org.springframework.boot.test.autoconfigure.webservices.client.MockWebServiceServerTestExecutionListener, org.springframework.boot.test.mock.mockito.MockitoTestExecutionListener, org.springframework.boot.test.mock.mockito.ResetMocksTestExecutionListener, org.springframework.test.context.web.ServletTestExecutionListener, org.springframework.test.context.support.DirtiesContextBeforeModesTestExecutionListener, org.springframework.test.context.event.ApplicationEventsTestExecutionListener, org.springframework.test.context.support.DependencyInjectionTestExecutionListener, org.springframework.test.context.support.DirtiesContextTestExecutionListener, org.springframework.test.context.transaction.TransactionalTestExecutionListener, org.springframework.test.context.jdbc.SqlScriptsTestExecutionListener, org.springframework.test.context.event.EventPublishingTestExecutionListener]
16:27:17.673 [Test worker] INFO org.springframework.boot.test.context.SpringBootTestContextBootstrapper - Using TestExecutionListeners: [org.springframework.test.context.web.ServletTestExecutionListener@47a64f7d, org.springframework.test.context.support.DirtiesContextBeforeModesTestExecutionListener@33d05366, org.springframework.test.context.event.ApplicationEventsTestExecutionListener@27a0a5a2, org.springframework.boot.test.mock.mockito.MockitoTestExecutionListener@7692cd34, org.springframework.boot.test.autoconfigure.SpringBootDependencyInjectionTestExecutionListener@33aa93c, org.springframework.test.context.support.DirtiesContextTestExecutionListener@32c0915e, org.springframework.test.context.transaction.TransactionalTestExecutionListener@106faf11, org.springframework.test.context.jdbc.SqlScriptsTestExecutionListener@70f43b45, org.springframework.test.context.event.EventPublishingTestExecutionListener@26d10f2e, org.springframework.boot.test.autoconfigure.restdocs.RestDocsTestExecutionListener@10ad20cb, org.springframework.boot.test.autoconfigure.web.client.MockRestServiceServerResetTestExecutionListener@7dd712e8, org.springframework.boot.test.autoconfigure.web.servlet.MockMvcPrintOnlyOnFailureTestExecutionListener@2c282004, org.springframework.boot.test.autoconfigure.web.servlet.WebDriverTestExecutionListener@22ee2d0, org.springframework.boot.test.autoconfigure.webservices.client.MockWebServiceServerTestExecutionListener@7bfc3126, org.springframework.boot.test.mock.mockito.ResetMocksTestExecutionListener@3e792ce3]
16:27:17.678 [Test worker] DEBUG org.springframework.test.context.support.AbstractDirtiesContextTestExecutionListener - Before test class: context [DefaultTestContext@61a5b4ae testClass = ClientRepositoryTest, testInstance = [null], testMethod = [null], testException = [null], mergedContextConfiguration = [WebMergedContextConfiguration@3a71c100 testClass = ClientRepositoryTest, locations = '{}', classes = '{class com.asiana.lawgic.lawgic.LawgicApplication}', contextInitializerClasses = '[]', activeProfiles = '{}', propertySourceLocations = '{}', propertySourceProperties = '{org.springframework.boot.test.context.SpringBootTestContextBootstrapper=true}', contextCustomizers = set[org.springframework.boot.test.autoconfigure.actuate.metrics.MetricsExportContextCustomizerFactory$DisableMetricExportContextCustomizer@1080b026, org.springframework.boot.test.autoconfigure.properties.PropertyMappingContextCustomizer@0, org.springframework.boot.test.autoconfigure.web.servlet.WebDriverContextCustomizerFactory$Customizer@efde75f, org.springframework.boot.test.context.filter.ExcludeFilterContextCustomizer@3dddefd8, org.springframework.boot.test.json.DuplicateJsonObjectContextCustomizerFactory$DuplicateJsonObjectContextCustomizer@41925502, org.springframework.boot.test.mock.mockito.MockitoContextCustomizer@0, org.springframework.boot.test.web.client.TestRestTemplateContextCustomizer@11eadcba, org.springframework.boot.test.context.SpringBootTestArgs@1, org.springframework.boot.test.context.SpringBootTestWebEnvironment@452e19ca], resourceBasePath = 'src/main/webapp', contextLoader = 'org.springframework.boot.test.context.SpringBootContextLoader', parent = [null]], attributes = map['org.springframework.test.context.web.ServletTestExecutionListener.activateListener' -> true]], class annotated with @DirtiesContext [false] with mode [null].

  .   ____          _            __ _ _
 /\\ / ___'_ __ _ _(_)_ __  __ _ \ \ \ \
( ( )\___ | '_ | '_| | '_ \/ _` | \ \ \ \
 \\/  ___)| |_)| | | | | || (_| |  ) ) ) )
  '  |____| .__|_| |_|_| |_\__, | / / / /
 =========|_|==============|___/=/_/_/_/
 :: Spring Boot ::                (v2.6.3)

2022-02-27 16:27:18.196  INFO 3036 --- [    Test worker] c.a.lawgic.lawgic.ClientRepositoryTest   : Starting ClientRepositoryTest using Java 11.0.13 on DESKTOP-DH5MQM9 with PID 3036 (started by young in C:\Users\young\lawgic)
2022-02-27 16:27:18.198  INFO 3036 --- [    Test worker] c.a.lawgic.lawgic.ClientRepositoryTest   : No active profile set, falling back to default profiles: default
2022-02-27 16:27:19.313  INFO 3036 --- [    Test worker] .s.d.r.c.RepositoryConfigurationDelegate : Bootstrapping Spring Data JPA repositories in DEFAULT mode.
2022-02-27 16:27:19.419  INFO 3036 --- [    Test worker] .s.d.r.c.RepositoryConfigurationDelegate : Finished Spring Data repository scanning in 94 ms. Found 4 JPA repository interfaces.
2022-02-27 16:27:20.387  INFO 3036 --- [    Test worker] com.zaxxer.hikari.HikariDataSource       : HikariPool-1 - Starting...
2022-02-27 16:27:20.395  WARN 3036 --- [    Test worker] com.zaxxer.hikari.util.DriverDataSource  : Registered driver with driverClassName=oracle.jdbc.driver.OracleDriver was not found, trying direct instantiation.
2022-02-27 16:27:20.706  INFO 3036 --- [    Test worker] com.zaxxer.hikari.HikariDataSource       : HikariPool-1 - Start completed.
2022-02-27 16:27:21.028  INFO 3036 --- [    Test worker] o.hibernate.jpa.internal.util.LogHelper  : HHH000204: Processing PersistenceUnitInfo [name: default]
2022-02-27 16:27:21.111  INFO 3036 --- [    Test worker] org.hibernate.Version                    : HHH000412: Hibernate ORM core version 5.6.4.Final
2022-02-27 16:27:21.371  INFO 3036 --- [    Test worker] o.hibernate.annotations.common.Version   : HCANN000001: Hibernate Commons Annotations {5.1.2.Final}
2022-02-27 16:27:21.603  INFO 3036 --- [    Test worker] org.hibernate.dialect.Dialect            : HHH000400: Using dialect: org.hibernate.dialect.Oracle10gDialect
2022-02-27 16:27:22.775  INFO 3036 --- [    Test worker] o.h.e.t.j.p.i.JtaPlatformInitiator       : HHH000490: Using JtaPlatform implementation: [org.hibernate.engine.transaction.jta.platform.internal.NoJtaPlatform]
2022-02-27 16:27:22.787  INFO 3036 --- [    Test worker] j.LocalContainerEntityManagerFactoryBean : Initialized JPA EntityManagerFactory for persistence unit 'default'
confiureMessageBroker 연동!!**
end point 연결!!!***
2022-02-27 16:27:24.245  WARN 3036 --- [    Test worker] JpaBaseConfiguration$JpaWebConfiguration : spring.jpa.open-in-view is enabled by default. Therefore, database queries may be performed during view rendering. Explicitly configure spring.jpa.open-in-view to disable this warning
2022-02-27 16:27:25.574  INFO 3036 --- [    Test worker] o.s.m.s.b.SimpleBrokerMessageHandler     : Starting...
2022-02-27 16:27:25.574  INFO 3036 --- [    Test worker] o.s.m.s.b.SimpleBrokerMessageHandler     : BrokerAvailabilityEvent[available=true, SimpleBrokerMessageHandler [org.springframework.messaging.simp.broker.DefaultSubscriptionRegistry@3bb6b9ab]]
2022-02-27 16:27:25.576  INFO 3036 --- [    Test worker] o.s.m.s.b.SimpleBrokerMessageHandler     : Started.
2022-02-27 16:27:25.593  INFO 3036 --- [    Test worker] c.a.lawgic.lawgic.ClientRepositoryTest   : Started ClientRepositoryTest in 7.862 seconds (JVM running for 9.959)
3
young
경기도
sdfsdf
3
]]></system-out>
  <system-err><![CDATA[]]></system-err>
</testsuite>
