<?xml version="1.0" encoding="UTF-8"?>
<testsuite name="com.asiana.lawgic.lawgic.LawyerRepositoryTest" tests="1" skipped="0" failures="0" errors="0" timestamp="2022-02-25T05:36:24" hostname="DESKTOP-DH5MQM9" time="0.278">
  <properties/>
  <testcase name="insertLawyerData()" classname="com.asiana.lawgic.lawgic.LawyerRepositoryTest" time="0.278"/>
  <system-out><![CDATA[14:36:17.689 [Test worker] DEBUG org.springframework.test.context.BootstrapUtils - Instantiating CacheAwareContextLoaderDelegate from class [org.springframework.test.context.cache.DefaultCacheAwareContextLoaderDelegate]
14:36:17.704 [Test worker] DEBUG org.springframework.test.context.BootstrapUtils - Instantiating BootstrapContext using constructor [public org.springframework.test.context.support.DefaultBootstrapContext(java.lang.Class,org.springframework.test.context.CacheAwareContextLoaderDelegate)]
14:36:17.735 [Test worker] DEBUG org.springframework.test.context.BootstrapUtils - Instantiating TestContextBootstrapper for test class [com.asiana.lawgic.lawgic.LawyerRepositoryTest] from class [org.springframework.boot.test.context.SpringBootTestContextBootstrapper]
14:36:17.751 [Test worker] INFO org.springframework.boot.test.context.SpringBootTestContextBootstrapper - Neither @ContextConfiguration nor @ContextHierarchy found for test class [com.asiana.lawgic.lawgic.LawyerRepositoryTest], using SpringBootContextLoader
14:36:17.751 [Test worker] DEBUG org.springframework.test.context.support.AbstractContextLoader - Did not detect default resource location for test class [com.asiana.lawgic.lawgic.LawyerRepositoryTest]: class path resource [com/asiana/lawgic/lawgic/LawyerRepositoryTest-context.xml] does not exist
14:36:17.751 [Test worker] DEBUG org.springframework.test.context.support.AbstractContextLoader - Did not detect default resource location for test class [com.asiana.lawgic.lawgic.LawyerRepositoryTest]: class path resource [com/asiana/lawgic/lawgic/LawyerRepositoryTestContext.groovy] does not exist
14:36:17.751 [Test worker] INFO org.springframework.test.context.support.AbstractContextLoader - Could not detect default resource locations for test class [com.asiana.lawgic.lawgic.LawyerRepositoryTest]: no resource found for suffixes {-context.xml, Context.groovy}.
14:36:17.767 [Test worker] INFO org.springframework.test.context.support.AnnotationConfigContextLoaderUtils - Could not detect default configuration classes for test class [com.asiana.lawgic.lawgic.LawyerRepositoryTest]: LawyerRepositoryTest does not declare any static, non-private, non-final, nested classes annotated with @Configuration.
14:36:17.804 [Test worker] DEBUG org.springframework.test.context.support.ActiveProfilesUtils - Could not find an 'annotation declaring class' for annotation type [org.springframework.test.context.ActiveProfiles] and class [com.asiana.lawgic.lawgic.LawyerRepositoryTest]
14:36:17.887 [Test worker] DEBUG org.springframework.context.annotation.ClassPathScanningCandidateComponentProvider - Identified candidate component class: file [C:\Users\young\lawgic\build\classes\java\main\com\asiana\lawgic\lawgic\LawgicApplication.class]
14:36:17.889 [Test worker] INFO org.springframework.boot.test.context.SpringBootTestContextBootstrapper - Found @SpringBootConfiguration com.asiana.lawgic.lawgic.LawgicApplication for test class com.asiana.lawgic.lawgic.LawyerRepositoryTest
14:36:18.021 [Test worker] DEBUG org.springframework.boot.test.context.SpringBootTestContextBootstrapper - @TestExecutionListeners is not present for class [com.asiana.lawgic.lawgic.LawyerRepositoryTest]: using defaults.
14:36:18.021 [Test worker] INFO org.springframework.boot.test.context.SpringBootTestContextBootstrapper - Loaded default TestExecutionListener class names from location [META-INF/spring.factories]: [org.springframework.boot.test.autoconfigure.restdocs.RestDocsTestExecutionListener, org.springframework.boot.test.autoconfigure.web.client.MockRestServiceServerResetTestExecutionListener, org.springframework.boot.test.autoconfigure.web.servlet.MockMvcPrintOnlyOnFailureTestExecutionListener, org.springframework.boot.test.autoconfigure.web.servlet.WebDriverTestExecutionListener, org.springframework.boot.test.autoconfigure.webservices.client.MockWebServiceServerTestExecutionListener, org.springframework.boot.test.mock.mockito.MockitoTestExecutionListener, org.springframework.boot.test.mock.mockito.ResetMocksTestExecutionListener, org.springframework.test.context.web.ServletTestExecutionListener, org.springframework.test.context.support.DirtiesContextBeforeModesTestExecutionListener, org.springframework.test.context.event.ApplicationEventsTestExecutionListener, org.springframework.test.context.support.DependencyInjectionTestExecutionListener, org.springframework.test.context.support.DirtiesContextTestExecutionListener, org.springframework.test.context.transaction.TransactionalTestExecutionListener, org.springframework.test.context.jdbc.SqlScriptsTestExecutionListener, org.springframework.test.context.event.EventPublishingTestExecutionListener]
14:36:18.052 [Test worker] INFO org.springframework.boot.test.context.SpringBootTestContextBootstrapper - Using TestExecutionListeners: [org.springframework.test.context.web.ServletTestExecutionListener@2c444798, org.springframework.test.context.support.DirtiesContextBeforeModesTestExecutionListener@1af7f54a, org.springframework.test.context.event.ApplicationEventsTestExecutionListener@6ebd78d1, org.springframework.boot.test.mock.mockito.MockitoTestExecutionListener@436390f4, org.springframework.boot.test.autoconfigure.SpringBootDependencyInjectionTestExecutionListener@4d157787, org.springframework.test.context.support.DirtiesContextTestExecutionListener@68ed96ca, org.springframework.test.context.transaction.TransactionalTestExecutionListener@6d1310f6, org.springframework.test.context.jdbc.SqlScriptsTestExecutionListener@3228d990, org.springframework.test.context.event.EventPublishingTestExecutionListener@54e7391d, org.springframework.boot.test.autoconfigure.restdocs.RestDocsTestExecutionListener@50b8ae8d, org.springframework.boot.test.autoconfigure.web.client.MockRestServiceServerResetTestExecutionListener@255990cc, org.springframework.boot.test.autoconfigure.web.servlet.MockMvcPrintOnlyOnFailureTestExecutionListener@51c929ae, org.springframework.boot.test.autoconfigure.web.servlet.WebDriverTestExecutionListener@3c8bdd5b, org.springframework.boot.test.autoconfigure.webservices.client.MockWebServiceServerTestExecutionListener@29d2d081, org.springframework.boot.test.mock.mockito.ResetMocksTestExecutionListener@40e4ea87]
14:36:18.052 [Test worker] DEBUG org.springframework.test.context.support.AbstractDirtiesContextTestExecutionListener - Before test class: context [DefaultTestContext@1dfd5f51 testClass = LawyerRepositoryTest, testInstance = [null], testMethod = [null], testException = [null], mergedContextConfiguration = [WebMergedContextConfiguration@3c321bdb testClass = LawyerRepositoryTest, locations = '{}', classes = '{class com.asiana.lawgic.lawgic.LawgicApplication}', contextInitializerClasses = '[]', activeProfiles = '{}', propertySourceLocations = '{}', propertySourceProperties = '{org.springframework.boot.test.context.SpringBootTestContextBootstrapper=true}', contextCustomizers = set[org.springframework.boot.test.autoconfigure.actuate.metrics.MetricsExportContextCustomizerFactory$DisableMetricExportContextCustomizer@62163b39, org.springframework.boot.test.autoconfigure.properties.PropertyMappingContextCustomizer@0, org.springframework.boot.test.autoconfigure.web.servlet.WebDriverContextCustomizerFactory$Customizer@cb191ca, org.springframework.boot.test.context.filter.ExcludeFilterContextCustomizer@1f2f9244, org.springframework.boot.test.json.DuplicateJsonObjectContextCustomizerFactory$DuplicateJsonObjectContextCustomizer@338494fa, org.springframework.boot.test.mock.mockito.MockitoContextCustomizer@0, org.springframework.boot.test.web.client.TestRestTemplateContextCustomizer@4b672daa, org.springframework.boot.test.context.SpringBootTestArgs@1, org.springframework.boot.test.context.SpringBootTestWebEnvironment@1ec9bd38], resourceBasePath = 'src/main/webapp', contextLoader = 'org.springframework.boot.test.context.SpringBootContextLoader', parent = [null]], attributes = map['org.springframework.test.context.web.ServletTestExecutionListener.activateListener' -> true]], class annotated with @DirtiesContext [false] with mode [null].

  .   ____          _            __ _ _
 /\\ / ___'_ __ _ _(_)_ __  __ _ \ \ \ \
( ( )\___ | '_ | '_| | '_ \/ _` | \ \ \ \
 \\/  ___)| |_)| | | | | || (_| |  ) ) ) )
  '  |____| .__|_| |_|_| |_\__, | / / / /
 =========|_|==============|___/=/_/_/_/
 :: Spring Boot ::                (v2.6.3)

2022-02-25 14:36:18.437  INFO 8516 --- [    Test worker] c.a.lawgic.lawgic.LawyerRepositoryTest   : Starting LawyerRepositoryTest using Java 11.0.13 on DESKTOP-DH5MQM9 with PID 8516 (started by young in C:\Users\young\lawgic)
2022-02-25 14:36:18.453  INFO 8516 --- [    Test worker] c.a.lawgic.lawgic.LawyerRepositoryTest   : No active profile set, falling back to default profiles: default
2022-02-25 14:36:19.324  INFO 8516 --- [    Test worker] .s.d.r.c.RepositoryConfigurationDelegate : Bootstrapping Spring Data JPA repositories in DEFAULT mode.
2022-02-25 14:36:19.424  INFO 8516 --- [    Test worker] .s.d.r.c.RepositoryConfigurationDelegate : Finished Spring Data repository scanning in 89 ms. Found 4 JPA repository interfaces.
2022-02-25 14:36:20.073  INFO 8516 --- [    Test worker] com.zaxxer.hikari.HikariDataSource       : HikariPool-1 - Starting...
2022-02-25 14:36:20.073  WARN 8516 --- [    Test worker] com.zaxxer.hikari.util.DriverDataSource  : Registered driver with driverClassName=oracle.jdbc.driver.OracleDriver was not found, trying direct instantiation.
2022-02-25 14:36:20.342  INFO 8516 --- [    Test worker] com.zaxxer.hikari.HikariDataSource       : HikariPool-1 - Start completed.
2022-02-25 14:36:20.573  INFO 8516 --- [    Test worker] o.hibernate.jpa.internal.util.LogHelper  : HHH000204: Processing PersistenceUnitInfo [name: default]
2022-02-25 14:36:20.658  INFO 8516 --- [    Test worker] org.hibernate.Version                    : HHH000412: Hibernate ORM core version 5.6.4.Final
2022-02-25 14:36:20.874  INFO 8516 --- [    Test worker] o.hibernate.annotations.common.Version   : HCANN000001: Hibernate Commons Annotations {5.1.2.Final}
2022-02-25 14:36:21.059  INFO 8516 --- [    Test worker] org.hibernate.dialect.Dialect            : HHH000400: Using dialect: org.hibernate.dialect.Oracle10gDialect
2022-02-25 14:36:22.085  INFO 8516 --- [    Test worker] o.h.e.t.j.p.i.JtaPlatformInitiator       : HHH000490: Using JtaPlatform implementation: [org.hibernate.engine.transaction.jta.platform.internal.NoJtaPlatform]
2022-02-25 14:36:22.085  INFO 8516 --- [    Test worker] j.LocalContainerEntityManagerFactoryBean : Initialized JPA EntityManagerFactory for persistence unit 'default'
confiureMessageBroker 연동!!**
end point 연결!!!***
2022-02-25 14:36:23.319  WARN 8516 --- [    Test worker] JpaBaseConfiguration$JpaWebConfiguration : spring.jpa.open-in-view is enabled by default. Therefore, database queries may be performed during view rendering. Explicitly configure spring.jpa.open-in-view to disable this warning
2022-02-25 14:36:24.491  INFO 8516 --- [    Test worker] o.s.m.s.b.SimpleBrokerMessageHandler     : Starting...
2022-02-25 14:36:24.491  INFO 8516 --- [    Test worker] o.s.m.s.b.SimpleBrokerMessageHandler     : BrokerAvailabilityEvent[available=true, SimpleBrokerMessageHandler [org.springframework.messaging.simp.broker.DefaultSubscriptionRegistry@951053f]]
2022-02-25 14:36:24.491  INFO 8516 --- [    Test worker] o.s.m.s.b.SimpleBrokerMessageHandler     : Started.
2022-02-25 14:36:24.507  INFO 8516 --- [    Test worker] c.a.lawgic.lawgic.LawyerRepositoryTest   : Started LawyerRepositoryTest in 6.406 seconds (JVM running for 8.064)
Hibernate: 
    select
        hibernate_sequence.nextval 
    from
        dual
Hibernate: 
    insert 
    into
        lawyer
        (address, category_id, email, gender, name, password, phone, valid, lawyer_id) 
    values
        (?, ?, ?, ?, ?, ?, ?, ?, ?)
Hibernate: 
    select
        hibernate_sequence.nextval 
    from
        dual
Hibernate: 
    insert 
    into
        lawyer
        (address, category_id, email, gender, name, password, phone, valid, lawyer_id) 
    values
        (?, ?, ?, ?, ?, ?, ?, ?, ?)
Hibernate: 
    select
        hibernate_sequence.nextval 
    from
        dual
Hibernate: 
    insert 
    into
        lawyer
        (address, category_id, email, gender, name, password, phone, valid, lawyer_id) 
    values
        (?, ?, ?, ?, ?, ?, ?, ?, ?)
Hibernate: 
    select
        hibernate_sequence.nextval 
    from
        dual
Hibernate: 
    insert 
    into
        lawyer
        (address, category_id, email, gender, name, password, phone, valid, lawyer_id) 
    values
        (?, ?, ?, ?, ?, ?, ?, ?, ?)
Hibernate: 
    select
        hibernate_sequence.nextval 
    from
        dual
Hibernate: 
    insert 
    into
        lawyer
        (address, category_id, email, gender, name, password, phone, valid, lawyer_id) 
    values
        (?, ?, ?, ?, ?, ?, ?, ?, ?)
]]></system-out>
  <system-err><![CDATA[]]></system-err>
</testsuite>
