<?xml version="1.0" encoding="UTF-8"?>
<testsuite name="com.asiana.lawgic.lawgic.ChatRepositoryTest" tests="1" skipped="0" failures="0" errors="0" timestamp="2022-02-23T02:43:22" hostname="DESKTOP-DH5MQM9" time="0.26">
  <properties/>
  <testcase name="getMessageByChatIdTest()" classname="com.asiana.lawgic.lawgic.ChatRepositoryTest" time="0.26"/>
  <system-out><![CDATA[11:43:16.072 [Test worker] DEBUG org.springframework.test.context.BootstrapUtils - Instantiating CacheAwareContextLoaderDelegate from class [org.springframework.test.context.cache.DefaultCacheAwareContextLoaderDelegate]
11:43:16.075 [Test worker] DEBUG org.springframework.test.context.BootstrapUtils - Instantiating BootstrapContext using constructor [public org.springframework.test.context.support.DefaultBootstrapContext(java.lang.Class,org.springframework.test.context.CacheAwareContextLoaderDelegate)]
11:43:16.138 [Test worker] DEBUG org.springframework.test.context.BootstrapUtils - Instantiating TestContextBootstrapper for test class [com.asiana.lawgic.lawgic.ChatRepositoryTest] from class [org.springframework.boot.test.context.SpringBootTestContextBootstrapper]
11:43:16.153 [Test worker] INFO org.springframework.boot.test.context.SpringBootTestContextBootstrapper - Neither @ContextConfiguration nor @ContextHierarchy found for test class [com.asiana.lawgic.lawgic.ChatRepositoryTest], using SpringBootContextLoader
11:43:16.171 [Test worker] DEBUG org.springframework.test.context.support.AbstractContextLoader - Did not detect default resource location for test class [com.asiana.lawgic.lawgic.ChatRepositoryTest]: class path resource [com/asiana/lawgic/lawgic/ChatRepositoryTest-context.xml] does not exist
11:43:16.172 [Test worker] DEBUG org.springframework.test.context.support.AbstractContextLoader - Did not detect default resource location for test class [com.asiana.lawgic.lawgic.ChatRepositoryTest]: class path resource [com/asiana/lawgic/lawgic/ChatRepositoryTestContext.groovy] does not exist
11:43:16.172 [Test worker] INFO org.springframework.test.context.support.AbstractContextLoader - Could not detect default resource locations for test class [com.asiana.lawgic.lawgic.ChatRepositoryTest]: no resource found for suffixes {-context.xml, Context.groovy}.
11:43:16.173 [Test worker] INFO org.springframework.test.context.support.AnnotationConfigContextLoaderUtils - Could not detect default configuration classes for test class [com.asiana.lawgic.lawgic.ChatRepositoryTest]: ChatRepositoryTest does not declare any static, non-private, non-final, nested classes annotated with @Configuration.
11:43:16.222 [Test worker] DEBUG org.springframework.test.context.support.ActiveProfilesUtils - Could not find an 'annotation declaring class' for annotation type [org.springframework.test.context.ActiveProfiles] and class [com.asiana.lawgic.lawgic.ChatRepositoryTest]
11:43:16.351 [Test worker] DEBUG org.springframework.context.annotation.ClassPathScanningCandidateComponentProvider - Identified candidate component class: file [C:\Users\young\lawgic\build\classes\java\main\com\asiana\lawgic\lawgic\LawgicApplication.class]
11:43:16.353 [Test worker] INFO org.springframework.boot.test.context.SpringBootTestContextBootstrapper - Found @SpringBootConfiguration com.asiana.lawgic.lawgic.LawgicApplication for test class com.asiana.lawgic.lawgic.ChatRepositoryTest
11:43:16.490 [Test worker] DEBUG org.springframework.boot.test.context.SpringBootTestContextBootstrapper - @TestExecutionListeners is not present for class [com.asiana.lawgic.lawgic.ChatRepositoryTest]: using defaults.
11:43:16.491 [Test worker] INFO org.springframework.boot.test.context.SpringBootTestContextBootstrapper - Loaded default TestExecutionListener class names from location [META-INF/spring.factories]: [org.springframework.boot.test.autoconfigure.restdocs.RestDocsTestExecutionListener, org.springframework.boot.test.autoconfigure.web.client.MockRestServiceServerResetTestExecutionListener, org.springframework.boot.test.autoconfigure.web.servlet.MockMvcPrintOnlyOnFailureTestExecutionListener, org.springframework.boot.test.autoconfigure.web.servlet.WebDriverTestExecutionListener, org.springframework.boot.test.autoconfigure.webservices.client.MockWebServiceServerTestExecutionListener, org.springframework.boot.test.mock.mockito.MockitoTestExecutionListener, org.springframework.boot.test.mock.mockito.ResetMocksTestExecutionListener, org.springframework.test.context.web.ServletTestExecutionListener, org.springframework.test.context.support.DirtiesContextBeforeModesTestExecutionListener, org.springframework.test.context.event.ApplicationEventsTestExecutionListener, org.springframework.test.context.support.DependencyInjectionTestExecutionListener, org.springframework.test.context.support.DirtiesContextTestExecutionListener, org.springframework.test.context.transaction.TransactionalTestExecutionListener, org.springframework.test.context.jdbc.SqlScriptsTestExecutionListener, org.springframework.test.context.event.EventPublishingTestExecutionListener]
11:43:16.518 [Test worker] INFO org.springframework.boot.test.context.SpringBootTestContextBootstrapper - Using TestExecutionListeners: [org.springframework.test.context.web.ServletTestExecutionListener@6e9c413e, org.springframework.test.context.support.DirtiesContextBeforeModesTestExecutionListener@57a4d5ee, org.springframework.test.context.event.ApplicationEventsTestExecutionListener@5af5def9, org.springframework.boot.test.mock.mockito.MockitoTestExecutionListener@3a45c42a, org.springframework.boot.test.autoconfigure.SpringBootDependencyInjectionTestExecutionListener@36dce7ed, org.springframework.test.context.support.DirtiesContextTestExecutionListener@47a64f7d, org.springframework.test.context.transaction.TransactionalTestExecutionListener@33d05366, org.springframework.test.context.jdbc.SqlScriptsTestExecutionListener@27a0a5a2, org.springframework.test.context.event.EventPublishingTestExecutionListener@7692cd34, org.springframework.boot.test.autoconfigure.restdocs.RestDocsTestExecutionListener@33aa93c, org.springframework.boot.test.autoconfigure.web.client.MockRestServiceServerResetTestExecutionListener@32c0915e, org.springframework.boot.test.autoconfigure.web.servlet.MockMvcPrintOnlyOnFailureTestExecutionListener@106faf11, org.springframework.boot.test.autoconfigure.web.servlet.WebDriverTestExecutionListener@70f43b45, org.springframework.boot.test.autoconfigure.webservices.client.MockWebServiceServerTestExecutionListener@26d10f2e, org.springframework.boot.test.mock.mockito.ResetMocksTestExecutionListener@10ad20cb]
11:43:16.525 [Test worker] DEBUG org.springframework.test.context.support.AbstractDirtiesContextTestExecutionListener - Before test class: context [DefaultTestContext@6a175569 testClass = ChatRepositoryTest, testInstance = [null], testMethod = [null], testException = [null], mergedContextConfiguration = [WebMergedContextConfiguration@11963225 testClass = ChatRepositoryTest, locations = '{}', classes = '{class com.asiana.lawgic.lawgic.LawgicApplication}', contextInitializerClasses = '[]', activeProfiles = '{}', propertySourceLocations = '{}', propertySourceProperties = '{org.springframework.boot.test.context.SpringBootTestContextBootstrapper=true}', contextCustomizers = set[org.springframework.boot.test.autoconfigure.actuate.metrics.MetricsExportContextCustomizerFactory$DisableMetricExportContextCustomizer@5b07730f, org.springframework.boot.test.autoconfigure.properties.PropertyMappingContextCustomizer@0, org.springframework.boot.test.autoconfigure.web.servlet.WebDriverContextCustomizerFactory$Customizer@3b220bcb, org.springframework.boot.test.context.filter.ExcludeFilterContextCustomizer@12bfd80d, org.springframework.boot.test.json.DuplicateJsonObjectContextCustomizerFactory$DuplicateJsonObjectContextCustomizer@5316e95f, org.springframework.boot.test.mock.mockito.MockitoContextCustomizer@0, org.springframework.boot.test.web.client.TestRestTemplateContextCustomizer@1b065145, org.springframework.boot.test.context.SpringBootTestArgs@1, org.springframework.boot.test.context.SpringBootTestWebEnvironment@6b0d80ed], resourceBasePath = 'src/main/webapp', contextLoader = 'org.springframework.boot.test.context.SpringBootContextLoader', parent = [null]], attributes = map['org.springframework.test.context.web.ServletTestExecutionListener.activateListener' -> true]], class annotated with @DirtiesContext [false] with mode [null].

  .   ____          _            __ _ _
 /\\ / ___'_ __ _ _(_)_ __  __ _ \ \ \ \
( ( )\___ | '_ | '_| | '_ \/ _` | \ \ \ \
 \\/  ___)| |_)| | | | | || (_| |  ) ) ) )
  '  |____| .__|_| |_|_| |_\__, | / / / /
 =========|_|==============|___/=/_/_/_/
 :: Spring Boot ::                (v2.6.3)

2022-02-23 11:43:17.178  INFO 15872 --- [    Test worker] c.a.lawgic.lawgic.ChatRepositoryTest     : Starting ChatRepositoryTest using Java 11.0.13 on DESKTOP-DH5MQM9 with PID 15872 (started by young in C:\Users\young\lawgic)
2022-02-23 11:43:17.178  INFO 15872 --- [    Test worker] c.a.lawgic.lawgic.ChatRepositoryTest     : No active profile set, falling back to default profiles: default
2022-02-23 11:43:18.190  INFO 15872 --- [    Test worker] .s.d.r.c.RepositoryConfigurationDelegate : Bootstrapping Spring Data JPA repositories in DEFAULT mode.
2022-02-23 11:43:18.287  INFO 15872 --- [    Test worker] .s.d.r.c.RepositoryConfigurationDelegate : Finished Spring Data repository scanning in 75 ms. Found 4 JPA repository interfaces.
2022-02-23 11:43:18.955  INFO 15872 --- [    Test worker] com.zaxxer.hikari.HikariDataSource       : HikariPool-1 - Starting...
2022-02-23 11:43:18.971  WARN 15872 --- [    Test worker] com.zaxxer.hikari.util.DriverDataSource  : Registered driver with driverClassName=oracle.jdbc.driver.OracleDriver was not found, trying direct instantiation.
2022-02-23 11:43:19.239  INFO 15872 --- [    Test worker] com.zaxxer.hikari.HikariDataSource       : HikariPool-1 - Start completed.
2022-02-23 11:43:19.471  INFO 15872 --- [    Test worker] o.hibernate.jpa.internal.util.LogHelper  : HHH000204: Processing PersistenceUnitInfo [name: default]
2022-02-23 11:43:19.540  INFO 15872 --- [    Test worker] org.hibernate.Version                    : HHH000412: Hibernate ORM core version 5.6.4.Final
2022-02-23 11:43:19.756  INFO 15872 --- [    Test worker] o.hibernate.annotations.common.Version   : HCANN000001: Hibernate Commons Annotations {5.1.2.Final}
2022-02-23 11:43:19.941  INFO 15872 --- [    Test worker] org.hibernate.dialect.Dialect            : HHH000400: Using dialect: org.hibernate.dialect.Oracle10gDialect
2022-02-23 11:43:20.889  INFO 15872 --- [    Test worker] o.h.e.t.j.p.i.JtaPlatformInitiator       : HHH000490: Using JtaPlatform implementation: [org.hibernate.engine.transaction.jta.platform.internal.NoJtaPlatform]
2022-02-23 11:43:20.889  INFO 15872 --- [    Test worker] j.LocalContainerEntityManagerFactoryBean : Initialized JPA EntityManagerFactory for persistence unit 'default'
confiureMessageBroker 연동!!**
end point 연결!!!***
2022-02-23 11:43:21.807  WARN 15872 --- [    Test worker] JpaBaseConfiguration$JpaWebConfiguration : spring.jpa.open-in-view is enabled by default. Therefore, database queries may be performed during view rendering. Explicitly configure spring.jpa.open-in-view to disable this warning
2022-02-23 11:43:22.763  INFO 15872 --- [    Test worker] o.s.m.s.b.SimpleBrokerMessageHandler     : Starting...
2022-02-23 11:43:22.763  INFO 15872 --- [    Test worker] o.s.m.s.b.SimpleBrokerMessageHandler     : BrokerAvailabilityEvent[available=true, SimpleBrokerMessageHandler [org.springframework.messaging.simp.broker.DefaultSubscriptionRegistry@ec67be1]]
2022-02-23 11:43:22.763  INFO 15872 --- [    Test worker] o.s.m.s.b.SimpleBrokerMessageHandler     : Started.
2022-02-23 11:43:22.778  INFO 15872 --- [    Test worker] c.a.lawgic.lawgic.ChatRepositoryTest     : Started ChatRepositoryTest in 6.188 seconds (JVM running for 8.042)
Hibernate: 
    select
        chat0_.chat_id as chat_id1_0_,
        chat0_.client_id as client_id2_0_,
        chat0_.consult_id as consult_id3_0_,
        chat0_.lawyer_id as lawyer_id4_0_ 
    from
        chat chat0_ 
    inner join
        message messages1_ 
            on chat0_.chat_id=messages1_.chat_id 
    where
        chat0_.chat_id=?
Hibernate: 
    select
        messages0_.chat_id as chat_id1_4_0_,
        messages0_.content as content2_4_0_,
        messages0_.sender as sender3_4_0_,
        messages0_.type as type4_4_0_,
        messages0_.regdate as regdate5_4_0_ 
    from
        message messages0_ 
    where
        messages0_.chat_id=?
message content 1
]]></system-out>
  <system-err><![CDATA[]]></system-err>
</testsuite>
