<?xml version="1.0" encoding="UTF-8"?>
<testsuite name="com.asiana.lawgic.lawgic.ChatRepositoryTest" tests="1" skipped="0" failures="0" errors="0" timestamp="2022-02-23T23:25:00" hostname="DESKTOP-DH5MQM9" time="0.48">
  <properties/>
  <testcase name="chatDataInsert()" classname="com.asiana.lawgic.lawgic.ChatRepositoryTest" time="0.48"/>
  <system-out><![CDATA[08:24:54.553 [Test worker] DEBUG org.springframework.test.context.BootstrapUtils - Instantiating CacheAwareContextLoaderDelegate from class [org.springframework.test.context.cache.DefaultCacheAwareContextLoaderDelegate]
08:24:54.566 [Test worker] DEBUG org.springframework.test.context.BootstrapUtils - Instantiating BootstrapContext using constructor [public org.springframework.test.context.support.DefaultBootstrapContext(java.lang.Class,org.springframework.test.context.CacheAwareContextLoaderDelegate)]
08:24:54.610 [Test worker] DEBUG org.springframework.test.context.BootstrapUtils - Instantiating TestContextBootstrapper for test class [com.asiana.lawgic.lawgic.ChatRepositoryTest] from class [org.springframework.boot.test.context.SpringBootTestContextBootstrapper]
08:24:54.624 [Test worker] INFO org.springframework.boot.test.context.SpringBootTestContextBootstrapper - Neither @ContextConfiguration nor @ContextHierarchy found for test class [com.asiana.lawgic.lawgic.ChatRepositoryTest], using SpringBootContextLoader
08:24:54.629 [Test worker] DEBUG org.springframework.test.context.support.AbstractContextLoader - Did not detect default resource location for test class [com.asiana.lawgic.lawgic.ChatRepositoryTest]: class path resource [com/asiana/lawgic/lawgic/ChatRepositoryTest-context.xml] does not exist
08:24:54.630 [Test worker] DEBUG org.springframework.test.context.support.AbstractContextLoader - Did not detect default resource location for test class [com.asiana.lawgic.lawgic.ChatRepositoryTest]: class path resource [com/asiana/lawgic/lawgic/ChatRepositoryTestContext.groovy] does not exist
08:24:54.630 [Test worker] INFO org.springframework.test.context.support.AbstractContextLoader - Could not detect default resource locations for test class [com.asiana.lawgic.lawgic.ChatRepositoryTest]: no resource found for suffixes {-context.xml, Context.groovy}.
08:24:54.631 [Test worker] INFO org.springframework.test.context.support.AnnotationConfigContextLoaderUtils - Could not detect default configuration classes for test class [com.asiana.lawgic.lawgic.ChatRepositoryTest]: ChatRepositoryTest does not declare any static, non-private, non-final, nested classes annotated with @Configuration.
08:24:54.701 [Test worker] DEBUG org.springframework.test.context.support.ActiveProfilesUtils - Could not find an 'annotation declaring class' for annotation type [org.springframework.test.context.ActiveProfiles] and class [com.asiana.lawgic.lawgic.ChatRepositoryTest]
08:24:54.770 [Test worker] DEBUG org.springframework.context.annotation.ClassPathScanningCandidateComponentProvider - Identified candidate component class: file [C:\Users\young\lawgic\build\classes\java\main\com\asiana\lawgic\lawgic\LawgicApplication.class]
08:24:54.772 [Test worker] INFO org.springframework.boot.test.context.SpringBootTestContextBootstrapper - Found @SpringBootConfiguration com.asiana.lawgic.lawgic.LawgicApplication for test class com.asiana.lawgic.lawgic.ChatRepositoryTest
08:24:54.898 [Test worker] DEBUG org.springframework.boot.test.context.SpringBootTestContextBootstrapper - @TestExecutionListeners is not present for class [com.asiana.lawgic.lawgic.ChatRepositoryTest]: using defaults.
08:24:54.899 [Test worker] INFO org.springframework.boot.test.context.SpringBootTestContextBootstrapper - Loaded default TestExecutionListener class names from location [META-INF/spring.factories]: [org.springframework.boot.test.autoconfigure.restdocs.RestDocsTestExecutionListener, org.springframework.boot.test.autoconfigure.web.client.MockRestServiceServerResetTestExecutionListener, org.springframework.boot.test.autoconfigure.web.servlet.MockMvcPrintOnlyOnFailureTestExecutionListener, org.springframework.boot.test.autoconfigure.web.servlet.WebDriverTestExecutionListener, org.springframework.boot.test.autoconfigure.webservices.client.MockWebServiceServerTestExecutionListener, org.springframework.boot.test.mock.mockito.MockitoTestExecutionListener, org.springframework.boot.test.mock.mockito.ResetMocksTestExecutionListener, org.springframework.test.context.web.ServletTestExecutionListener, org.springframework.test.context.support.DirtiesContextBeforeModesTestExecutionListener, org.springframework.test.context.event.ApplicationEventsTestExecutionListener, org.springframework.test.context.support.DependencyInjectionTestExecutionListener, org.springframework.test.context.support.DirtiesContextTestExecutionListener, org.springframework.test.context.transaction.TransactionalTestExecutionListener, org.springframework.test.context.jdbc.SqlScriptsTestExecutionListener, org.springframework.test.context.event.EventPublishingTestExecutionListener]
08:24:54.917 [Test worker] INFO org.springframework.boot.test.context.SpringBootTestContextBootstrapper - Using TestExecutionListeners: [org.springframework.test.context.web.ServletTestExecutionListener@6e9c413e, org.springframework.test.context.support.DirtiesContextBeforeModesTestExecutionListener@57a4d5ee, org.springframework.test.context.event.ApplicationEventsTestExecutionListener@5af5def9, org.springframework.boot.test.mock.mockito.MockitoTestExecutionListener@3a45c42a, org.springframework.boot.test.autoconfigure.SpringBootDependencyInjectionTestExecutionListener@36dce7ed, org.springframework.test.context.support.DirtiesContextTestExecutionListener@47a64f7d, org.springframework.test.context.transaction.TransactionalTestExecutionListener@33d05366, org.springframework.test.context.jdbc.SqlScriptsTestExecutionListener@27a0a5a2, org.springframework.test.context.event.EventPublishingTestExecutionListener@7692cd34, org.springframework.boot.test.autoconfigure.restdocs.RestDocsTestExecutionListener@33aa93c, org.springframework.boot.test.autoconfigure.web.client.MockRestServiceServerResetTestExecutionListener@32c0915e, org.springframework.boot.test.autoconfigure.web.servlet.MockMvcPrintOnlyOnFailureTestExecutionListener@106faf11, org.springframework.boot.test.autoconfigure.web.servlet.WebDriverTestExecutionListener@70f43b45, org.springframework.boot.test.autoconfigure.webservices.client.MockWebServiceServerTestExecutionListener@26d10f2e, org.springframework.boot.test.mock.mockito.ResetMocksTestExecutionListener@10ad20cb]
08:24:54.922 [Test worker] DEBUG org.springframework.test.context.support.AbstractDirtiesContextTestExecutionListener - Before test class: context [DefaultTestContext@6a175569 testClass = ChatRepositoryTest, testInstance = [null], testMethod = [null], testException = [null], mergedContextConfiguration = [WebMergedContextConfiguration@11963225 testClass = ChatRepositoryTest, locations = '{}', classes = '{class com.asiana.lawgic.lawgic.LawgicApplication}', contextInitializerClasses = '[]', activeProfiles = '{}', propertySourceLocations = '{}', propertySourceProperties = '{org.springframework.boot.test.context.SpringBootTestContextBootstrapper=true}', contextCustomizers = set[org.springframework.boot.test.autoconfigure.actuate.metrics.MetricsExportContextCustomizerFactory$DisableMetricExportContextCustomizer@5b07730f, org.springframework.boot.test.autoconfigure.properties.PropertyMappingContextCustomizer@0, org.springframework.boot.test.autoconfigure.web.servlet.WebDriverContextCustomizerFactory$Customizer@3b220bcb, org.springframework.boot.test.context.filter.ExcludeFilterContextCustomizer@12bfd80d, org.springframework.boot.test.json.DuplicateJsonObjectContextCustomizerFactory$DuplicateJsonObjectContextCustomizer@5316e95f, org.springframework.boot.test.mock.mockito.MockitoContextCustomizer@0, org.springframework.boot.test.web.client.TestRestTemplateContextCustomizer@1b065145, org.springframework.boot.test.context.SpringBootTestArgs@1, org.springframework.boot.test.context.SpringBootTestWebEnvironment@6b0d80ed], resourceBasePath = 'src/main/webapp', contextLoader = 'org.springframework.boot.test.context.SpringBootContextLoader', parent = [null]], attributes = map['org.springframework.test.context.web.ServletTestExecutionListener.activateListener' -> true]], class annotated with @DirtiesContext [false] with mode [null].

  .   ____          _            __ _ _
 /\\ / ___'_ __ _ _(_)_ __  __ _ \ \ \ \
( ( )\___ | '_ | '_| | '_ \/ _` | \ \ \ \
 \\/  ___)| |_)| | | | | || (_| |  ) ) ) )
  '  |____| .__|_| |_|_| |_\__, | / / / /
 =========|_|==============|___/=/_/_/_/
 :: Spring Boot ::                (v2.6.3)

2022-02-24 08:24:55.305  INFO 10760 --- [    Test worker] c.a.lawgic.lawgic.ChatRepositoryTest     : Starting ChatRepositoryTest using Java 11.0.13 on DESKTOP-DH5MQM9 with PID 10760 (started by young in C:\Users\young\lawgic)
2022-02-24 08:24:55.305  INFO 10760 --- [    Test worker] c.a.lawgic.lawgic.ChatRepositoryTest     : No active profile set, falling back to default profiles: default
2022-02-24 08:24:56.185  INFO 10760 --- [    Test worker] .s.d.r.c.RepositoryConfigurationDelegate : Bootstrapping Spring Data JPA repositories in DEFAULT mode.
2022-02-24 08:24:56.285  INFO 10760 --- [    Test worker] .s.d.r.c.RepositoryConfigurationDelegate : Finished Spring Data repository scanning in 83 ms. Found 4 JPA repository interfaces.
2022-02-24 08:24:56.983  INFO 10760 --- [    Test worker] com.zaxxer.hikari.HikariDataSource       : HikariPool-1 - Starting...
2022-02-24 08:24:56.992  WARN 10760 --- [    Test worker] com.zaxxer.hikari.util.DriverDataSource  : Registered driver with driverClassName=oracle.jdbc.driver.OracleDriver was not found, trying direct instantiation.
2022-02-24 08:24:57.249  INFO 10760 --- [    Test worker] com.zaxxer.hikari.HikariDataSource       : HikariPool-1 - Start completed.
2022-02-24 08:24:57.481  INFO 10760 --- [    Test worker] o.hibernate.jpa.internal.util.LogHelper  : HHH000204: Processing PersistenceUnitInfo [name: default]
2022-02-24 08:24:57.544  INFO 10760 --- [    Test worker] org.hibernate.Version                    : HHH000412: Hibernate ORM core version 5.6.4.Final
2022-02-24 08:24:57.728  INFO 10760 --- [    Test worker] o.hibernate.annotations.common.Version   : HCANN000001: Hibernate Commons Annotations {5.1.2.Final}
2022-02-24 08:24:57.913  INFO 10760 --- [    Test worker] org.hibernate.dialect.Dialect            : HHH000400: Using dialect: org.hibernate.dialect.Oracle10gDialect
2022-02-24 08:24:58.845  INFO 10760 --- [    Test worker] o.h.e.t.j.p.i.JtaPlatformInitiator       : HHH000490: Using JtaPlatform implementation: [org.hibernate.engine.transaction.jta.platform.internal.NoJtaPlatform]
2022-02-24 08:24:58.861  INFO 10760 --- [    Test worker] j.LocalContainerEntityManagerFactoryBean : Initialized JPA EntityManagerFactory for persistence unit 'default'
confiureMessageBroker 연동!!**
end point 연결!!!***
2022-02-24 08:24:59.886  WARN 10760 --- [    Test worker] JpaBaseConfiguration$JpaWebConfiguration : spring.jpa.open-in-view is enabled by default. Therefore, database queries may be performed during view rendering. Explicitly configure spring.jpa.open-in-view to disable this warning
2022-02-24 08:25:00.785  INFO 10760 --- [    Test worker] o.s.m.s.b.SimpleBrokerMessageHandler     : Starting...
2022-02-24 08:25:00.786  INFO 10760 --- [    Test worker] o.s.m.s.b.SimpleBrokerMessageHandler     : BrokerAvailabilityEvent[available=true, SimpleBrokerMessageHandler [org.springframework.messaging.simp.broker.DefaultSubscriptionRegistry@78b29e00]]
2022-02-24 08:25:00.787  INFO 10760 --- [    Test worker] o.s.m.s.b.SimpleBrokerMessageHandler     : Started.
2022-02-24 08:25:00.798  INFO 10760 --- [    Test worker] c.a.lawgic.lawgic.ChatRepositoryTest     : Started ChatRepositoryTest in 5.837 seconds (JVM running for 7.446)
Hibernate: 
    select
        client0_.client_id as client_id1_1_,
        client0_.address as address2_1_,
        client0_.birthday as birthday3_1_,
        client0_.car_type as car_type4_1_,
        client0_.email as email5_1_,
        client0_.gender as gender6_1_,
        client0_.name as name7_1_,
        client0_.password as password8_1_,
        client0_.phone as phone9_1_ 
    from
        client client0_
Hibernate: 
    select
        lawyer0_.lawyer_id as lawyer_id1_3_,
        lawyer0_.address as address2_3_,
        lawyer0_.category_id as category_id3_3_,
        lawyer0_.email as email4_3_,
        lawyer0_.gender as gender5_3_,
        lawyer0_.name as name6_3_,
        lawyer0_.password as password7_3_,
        lawyer0_.phone as phone8_3_,
        lawyer0_.valid as valid9_3_ 
    from
        lawyer lawyer0_
Hibernate: 
    select
        consult0_.consult_id as consult_id1_2_,
        consult0_.appointment_date as appointment_date2_2_,
        consult0_.client_id as client_id11_2_,
        consult0_.comments as comments3_2_,
        consult0_.judgement as judgement4_2_,
        consult0_.lawyer_id as lawyer_id12_2_,
        consult0_.opponent_address as opponent_address5_2_,
        consult0_.opponent_birthday as opponent_birthday6_2_,
        consult0_.opponent_car_type as opponent_car_type7_2_,
        consult0_.opponent_name as opponent_name8_2_,
        consult0_.opponent_phone as opponent_phone9_2_,
        consult0_.summary as summary10_2_ 
    from
        consult consult0_
Hibernate: 
    select
        hibernate_sequence.nextval 
    from
        dual
Hibernate: 
    insert 
    into
        chat
        (client_id, consult_id, lawyer_id, chat_id) 
    values
        (?, ?, ?, ?)
Hibernate: 
    insert 
    into
        message
        (chat_id, content, receiver, sender, type, regdate) 
    values
        (?, ?, ?, ?, ?, ?)
Hibernate: 
    insert 
    into
        message
        (chat_id, content, receiver, sender, type, regdate) 
    values
        (?, ?, ?, ?, ?, ?)
Hibernate: 
    insert 
    into
        message
        (chat_id, content, receiver, sender, type, regdate) 
    values
        (?, ?, ?, ?, ?, ?)
Hibernate: 
    insert 
    into
        message
        (chat_id, content, receiver, sender, type, regdate) 
    values
        (?, ?, ?, ?, ?, ?)
Hibernate: 
    insert 
    into
        message
        (chat_id, content, receiver, sender, type, regdate) 
    values
        (?, ?, ?, ?, ?, ?)
Hibernate: 
    insert 
    into
        message
        (chat_id, content, receiver, sender, type, regdate) 
    values
        (?, ?, ?, ?, ?, ?)
Hibernate: 
    insert 
    into
        message
        (chat_id, content, receiver, sender, type, regdate) 
    values
        (?, ?, ?, ?, ?, ?)
Hibernate: 
    insert 
    into
        message
        (chat_id, content, receiver, sender, type, regdate) 
    values
        (?, ?, ?, ?, ?, ?)
Hibernate: 
    insert 
    into
        message
        (chat_id, content, receiver, sender, type, regdate) 
    values
        (?, ?, ?, ?, ?, ?)
Hibernate: 
    insert 
    into
        message
        (chat_id, content, receiver, sender, type, regdate) 
    values
        (?, ?, ?, ?, ?, ?)
Hibernate: 
    select
        client0_.client_id as client_id1_1_,
        client0_.address as address2_1_,
        client0_.birthday as birthday3_1_,
        client0_.car_type as car_type4_1_,
        client0_.email as email5_1_,
        client0_.gender as gender6_1_,
        client0_.name as name7_1_,
        client0_.password as password8_1_,
        client0_.phone as phone9_1_ 
    from
        client client0_
Hibernate: 
    select
        lawyer0_.lawyer_id as lawyer_id1_3_,
        lawyer0_.address as address2_3_,
        lawyer0_.category_id as category_id3_3_,
        lawyer0_.email as email4_3_,
        lawyer0_.gender as gender5_3_,
        lawyer0_.name as name6_3_,
        lawyer0_.password as password7_3_,
        lawyer0_.phone as phone8_3_,
        lawyer0_.valid as valid9_3_ 
    from
        lawyer lawyer0_
Hibernate: 
    select
        consult0_.consult_id as consult_id1_2_,
        consult0_.appointment_date as appointment_date2_2_,
        consult0_.client_id as client_id11_2_,
        consult0_.comments as comments3_2_,
        consult0_.judgement as judgement4_2_,
        consult0_.lawyer_id as lawyer_id12_2_,
        consult0_.opponent_address as opponent_address5_2_,
        consult0_.opponent_birthday as opponent_birthday6_2_,
        consult0_.opponent_car_type as opponent_car_type7_2_,
        consult0_.opponent_name as opponent_name8_2_,
        consult0_.opponent_phone as opponent_phone9_2_,
        consult0_.summary as summary10_2_ 
    from
        consult consult0_
Hibernate: 
    select
        hibernate_sequence.nextval 
    from
        dual
Hibernate: 
    insert 
    into
        chat
        (client_id, consult_id, lawyer_id, chat_id) 
    values
        (?, ?, ?, ?)
Hibernate: 
    insert 
    into
        message
        (chat_id, content, receiver, sender, type, regdate) 
    values
        (?, ?, ?, ?, ?, ?)
Hibernate: 
    insert 
    into
        message
        (chat_id, content, receiver, sender, type, regdate) 
    values
        (?, ?, ?, ?, ?, ?)
Hibernate: 
    insert 
    into
        message
        (chat_id, content, receiver, sender, type, regdate) 
    values
        (?, ?, ?, ?, ?, ?)
Hibernate: 
    insert 
    into
        message
        (chat_id, content, receiver, sender, type, regdate) 
    values
        (?, ?, ?, ?, ?, ?)
Hibernate: 
    insert 
    into
        message
        (chat_id, content, receiver, sender, type, regdate) 
    values
        (?, ?, ?, ?, ?, ?)
Hibernate: 
    insert 
    into
        message
        (chat_id, content, receiver, sender, type, regdate) 
    values
        (?, ?, ?, ?, ?, ?)
Hibernate: 
    insert 
    into
        message
        (chat_id, content, receiver, sender, type, regdate) 
    values
        (?, ?, ?, ?, ?, ?)
Hibernate: 
    insert 
    into
        message
        (chat_id, content, receiver, sender, type, regdate) 
    values
        (?, ?, ?, ?, ?, ?)
Hibernate: 
    insert 
    into
        message
        (chat_id, content, receiver, sender, type, regdate) 
    values
        (?, ?, ?, ?, ?, ?)
Hibernate: 
    insert 
    into
        message
        (chat_id, content, receiver, sender, type, regdate) 
    values
        (?, ?, ?, ?, ?, ?)
Hibernate: 
    select
        client0_.client_id as client_id1_1_,
        client0_.address as address2_1_,
        client0_.birthday as birthday3_1_,
        client0_.car_type as car_type4_1_,
        client0_.email as email5_1_,
        client0_.gender as gender6_1_,
        client0_.name as name7_1_,
        client0_.password as password8_1_,
        client0_.phone as phone9_1_ 
    from
        client client0_
Hibernate: 
    select
        lawyer0_.lawyer_id as lawyer_id1_3_,
        lawyer0_.address as address2_3_,
        lawyer0_.category_id as category_id3_3_,
        lawyer0_.email as email4_3_,
        lawyer0_.gender as gender5_3_,
        lawyer0_.name as name6_3_,
        lawyer0_.password as password7_3_,
        lawyer0_.phone as phone8_3_,
        lawyer0_.valid as valid9_3_ 
    from
        lawyer lawyer0_
Hibernate: 
    select
        consult0_.consult_id as consult_id1_2_,
        consult0_.appointment_date as appointment_date2_2_,
        consult0_.client_id as client_id11_2_,
        consult0_.comments as comments3_2_,
        consult0_.judgement as judgement4_2_,
        consult0_.lawyer_id as lawyer_id12_2_,
        consult0_.opponent_address as opponent_address5_2_,
        consult0_.opponent_birthday as opponent_birthday6_2_,
        consult0_.opponent_car_type as opponent_car_type7_2_,
        consult0_.opponent_name as opponent_name8_2_,
        consult0_.opponent_phone as opponent_phone9_2_,
        consult0_.summary as summary10_2_ 
    from
        consult consult0_
Hibernate: 
    select
        hibernate_sequence.nextval 
    from
        dual
Hibernate: 
    insert 
    into
        chat
        (client_id, consult_id, lawyer_id, chat_id) 
    values
        (?, ?, ?, ?)
Hibernate: 
    insert 
    into
        message
        (chat_id, content, receiver, sender, type, regdate) 
    values
        (?, ?, ?, ?, ?, ?)
Hibernate: 
    insert 
    into
        message
        (chat_id, content, receiver, sender, type, regdate) 
    values
        (?, ?, ?, ?, ?, ?)
Hibernate: 
    insert 
    into
        message
        (chat_id, content, receiver, sender, type, regdate) 
    values
        (?, ?, ?, ?, ?, ?)
Hibernate: 
    insert 
    into
        message
        (chat_id, content, receiver, sender, type, regdate) 
    values
        (?, ?, ?, ?, ?, ?)
Hibernate: 
    insert 
    into
        message
        (chat_id, content, receiver, sender, type, regdate) 
    values
        (?, ?, ?, ?, ?, ?)
Hibernate: 
    insert 
    into
        message
        (chat_id, content, receiver, sender, type, regdate) 
    values
        (?, ?, ?, ?, ?, ?)
Hibernate: 
    insert 
    into
        message
        (chat_id, content, receiver, sender, type, regdate) 
    values
        (?, ?, ?, ?, ?, ?)
Hibernate: 
    insert 
    into
        message
        (chat_id, content, receiver, sender, type, regdate) 
    values
        (?, ?, ?, ?, ?, ?)
Hibernate: 
    insert 
    into
        message
        (chat_id, content, receiver, sender, type, regdate) 
    values
        (?, ?, ?, ?, ?, ?)
Hibernate: 
    insert 
    into
        message
        (chat_id, content, receiver, sender, type, regdate) 
    values
        (?, ?, ?, ?, ?, ?)
Hibernate: 
    select
        client0_.client_id as client_id1_1_,
        client0_.address as address2_1_,
        client0_.birthday as birthday3_1_,
        client0_.car_type as car_type4_1_,
        client0_.email as email5_1_,
        client0_.gender as gender6_1_,
        client0_.name as name7_1_,
        client0_.password as password8_1_,
        client0_.phone as phone9_1_ 
    from
        client client0_
Hibernate: 
    select
        lawyer0_.lawyer_id as lawyer_id1_3_,
        lawyer0_.address as address2_3_,
        lawyer0_.category_id as category_id3_3_,
        lawyer0_.email as email4_3_,
        lawyer0_.gender as gender5_3_,
        lawyer0_.name as name6_3_,
        lawyer0_.password as password7_3_,
        lawyer0_.phone as phone8_3_,
        lawyer0_.valid as valid9_3_ 
    from
        lawyer lawyer0_
Hibernate: 
    select
        consult0_.consult_id as consult_id1_2_,
        consult0_.appointment_date as appointment_date2_2_,
        consult0_.client_id as client_id11_2_,
        consult0_.comments as comments3_2_,
        consult0_.judgement as judgement4_2_,
        consult0_.lawyer_id as lawyer_id12_2_,
        consult0_.opponent_address as opponent_address5_2_,
        consult0_.opponent_birthday as opponent_birthday6_2_,
        consult0_.opponent_car_type as opponent_car_type7_2_,
        consult0_.opponent_name as opponent_name8_2_,
        consult0_.opponent_phone as opponent_phone9_2_,
        consult0_.summary as summary10_2_ 
    from
        consult consult0_
Hibernate: 
    select
        hibernate_sequence.nextval 
    from
        dual
Hibernate: 
    insert 
    into
        chat
        (client_id, consult_id, lawyer_id, chat_id) 
    values
        (?, ?, ?, ?)
Hibernate: 
    insert 
    into
        message
        (chat_id, content, receiver, sender, type, regdate) 
    values
        (?, ?, ?, ?, ?, ?)
Hibernate: 
    insert 
    into
        message
        (chat_id, content, receiver, sender, type, regdate) 
    values
        (?, ?, ?, ?, ?, ?)
Hibernate: 
    insert 
    into
        message
        (chat_id, content, receiver, sender, type, regdate) 
    values
        (?, ?, ?, ?, ?, ?)
Hibernate: 
    insert 
    into
        message
        (chat_id, content, receiver, sender, type, regdate) 
    values
        (?, ?, ?, ?, ?, ?)
Hibernate: 
    insert 
    into
        message
        (chat_id, content, receiver, sender, type, regdate) 
    values
        (?, ?, ?, ?, ?, ?)
Hibernate: 
    insert 
    into
        message
        (chat_id, content, receiver, sender, type, regdate) 
    values
        (?, ?, ?, ?, ?, ?)
Hibernate: 
    insert 
    into
        message
        (chat_id, content, receiver, sender, type, regdate) 
    values
        (?, ?, ?, ?, ?, ?)
Hibernate: 
    insert 
    into
        message
        (chat_id, content, receiver, sender, type, regdate) 
    values
        (?, ?, ?, ?, ?, ?)
Hibernate: 
    insert 
    into
        message
        (chat_id, content, receiver, sender, type, regdate) 
    values
        (?, ?, ?, ?, ?, ?)
Hibernate: 
    insert 
    into
        message
        (chat_id, content, receiver, sender, type, regdate) 
    values
        (?, ?, ?, ?, ?, ?)
Hibernate: 
    select
        client0_.client_id as client_id1_1_,
        client0_.address as address2_1_,
        client0_.birthday as birthday3_1_,
        client0_.car_type as car_type4_1_,
        client0_.email as email5_1_,
        client0_.gender as gender6_1_,
        client0_.name as name7_1_,
        client0_.password as password8_1_,
        client0_.phone as phone9_1_ 
    from
        client client0_
Hibernate: 
    select
        lawyer0_.lawyer_id as lawyer_id1_3_,
        lawyer0_.address as address2_3_,
        lawyer0_.category_id as category_id3_3_,
        lawyer0_.email as email4_3_,
        lawyer0_.gender as gender5_3_,
        lawyer0_.name as name6_3_,
        lawyer0_.password as password7_3_,
        lawyer0_.phone as phone8_3_,
        lawyer0_.valid as valid9_3_ 
    from
        lawyer lawyer0_
Hibernate: 
    select
        consult0_.consult_id as consult_id1_2_,
        consult0_.appointment_date as appointment_date2_2_,
        consult0_.client_id as client_id11_2_,
        consult0_.comments as comments3_2_,
        consult0_.judgement as judgement4_2_,
        consult0_.lawyer_id as lawyer_id12_2_,
        consult0_.opponent_address as opponent_address5_2_,
        consult0_.opponent_birthday as opponent_birthday6_2_,
        consult0_.opponent_car_type as opponent_car_type7_2_,
        consult0_.opponent_name as opponent_name8_2_,
        consult0_.opponent_phone as opponent_phone9_2_,
        consult0_.summary as summary10_2_ 
    from
        consult consult0_
Hibernate: 
    select
        hibernate_sequence.nextval 
    from
        dual
Hibernate: 
    insert 
    into
        chat
        (client_id, consult_id, lawyer_id, chat_id) 
    values
        (?, ?, ?, ?)
Hibernate: 
    insert 
    into
        message
        (chat_id, content, receiver, sender, type, regdate) 
    values
        (?, ?, ?, ?, ?, ?)
Hibernate: 
    insert 
    into
        message
        (chat_id, content, receiver, sender, type, regdate) 
    values
        (?, ?, ?, ?, ?, ?)
Hibernate: 
    insert 
    into
        message
        (chat_id, content, receiver, sender, type, regdate) 
    values
        (?, ?, ?, ?, ?, ?)
Hibernate: 
    insert 
    into
        message
        (chat_id, content, receiver, sender, type, regdate) 
    values
        (?, ?, ?, ?, ?, ?)
Hibernate: 
    insert 
    into
        message
        (chat_id, content, receiver, sender, type, regdate) 
    values
        (?, ?, ?, ?, ?, ?)
Hibernate: 
    insert 
    into
        message
        (chat_id, content, receiver, sender, type, regdate) 
    values
        (?, ?, ?, ?, ?, ?)
Hibernate: 
    insert 
    into
        message
        (chat_id, content, receiver, sender, type, regdate) 
    values
        (?, ?, ?, ?, ?, ?)
Hibernate: 
    insert 
    into
        message
        (chat_id, content, receiver, sender, type, regdate) 
    values
        (?, ?, ?, ?, ?, ?)
Hibernate: 
    insert 
    into
        message
        (chat_id, content, receiver, sender, type, regdate) 
    values
        (?, ?, ?, ?, ?, ?)
Hibernate: 
    insert 
    into
        message
        (chat_id, content, receiver, sender, type, regdate) 
    values
        (?, ?, ?, ?, ?, ?)
]]></system-out>
  <system-err><![CDATA[]]></system-err>
</testsuite>
